# JRE version: Java(TM) SE Runtime Environment (8.0_131-b11) (build 1.8.0_131-b11)
# Java VM: Java HotSpot(TM) 64-Bit Server VM (25.131-b11 mixed mode linux-amd64 compressed oops)
Heap:
 PSYoungGen      total 102400K, used 0K [0x00000000eab00000, 0x00000000f4280000, 0x0000000100000000)
  eden space 66560K, 0% used [0x00000000eab00000,0x00000000eab00000,0x00000000eec00000)
  from space 35840K, 0% used [0x00000000f1480000,0x00000000f1480000,0x00000000f3780000)
  to   space 41472K, 0% used [0x00000000eec00000,0x00000000eec00000,0x00000000f1480000)
 ParOldGen       total 130048K, used 109418K [0x00000000c0000000, 0x00000000c7f00000, 0x00000000eab00000)
  object space 130048K, 84% used [0x00000000c0000000,0x00000000c6adaa80,0x00000000c7f00000)
 Metaspace       used 44817K, capacity 44999K, committed 45184K, reserved 1087488K
  class space    used 6436K, capacity 6508K, committed 6528K, reserved 1048576K
GC Heap History (10 events):
Event: 15.178 GC heap after
Heap after GC invocations=17 (full 3):
 PSYoungGen      total 89088K, used 10418K [0x00000000eab00000, 0x00000000f1f80000, 0x0000000100000000)
  eden space 65024K, 0% used [0x00000000eab00000,0x00000000eab00000,0x00000000eea80000)
  from space 24064K, 43% used [0x00000000f0800000,0x00000000f122cb48,0x00000000f1f80000)
  to   space 27136K, 0% used [0x00000000eea80000,0x00000000eea80000,0x00000000f0500000)
 ParOldGen       total 130048K, used 76624K [0x00000000c0000000, 0x00000000c7f00000, 0x00000000eab00000)
  object space 130048K, 58% used [0x00000000c0000000,0x00000000c4ad4278,0x00000000c7f00000)
 Metaspace       used 35061K, capacity 35201K, committed 35712K, reserved 1079296K
  class space    used 5049K, capacity 5122K, committed 5248K, reserved 1048576K
}
Event: 17.580 GC heap before
{Heap before GC invocations=18 (full 3):
 PSYoungGen      total 89088K, used 75442K [0x00000000eab00000, 0x00000000f1f80000, 0x0000000100000000)
  eden space 65024K, 100% used [0x00000000eab00000,0x00000000eea80000,0x00000000eea80000)
  from space 24064K, 43% used [0x00000000f0800000,0x00000000f122cb48,0x00000000f1f80000)
  to   space 27136K, 0% used [0x00000000eea80000,0x00000000eea80000,0x00000000f0500000)
 ParOldGen       total 130048K, used 76624K [0x00000000c0000000, 0x00000000c7f00000, 0x00000000eab00000)
  object space 130048K, 58% used [0x00000000c0000000,0x00000000c4ad4278,0x00000000c7f00000)
 Metaspace       used 39872K, capacity 40049K, committed 40448K, reserved 1083392K
  class space    used 5792K, capacity 5862K, committed 5888K, reserved 1048576K
Event: 17.603 GC heap after
Heap after GC invocations=18 (full 3):
 PSYoungGen      total 92160K, used 15793K [0x00000000eab00000, 0x00000000f2700000, 0x0000000100000000)
  eden space 65024K, 0% used [0x00000000eab00000,0x00000000eab00000,0x00000000eea80000)
  from space 27136K, 58% used [0x00000000eea80000,0x00000000ef9ec7f0,0x00000000f0500000)
  to   space 27648K, 0% used [0x00000000f0c00000,0x00000000f0c00000,0x00000000f2700000)
 ParOldGen       total 130048K, used 76632K [0x00000000c0000000, 0x00000000c7f00000, 0x00000000eab00000)
  object space 130048K, 58% used [0x00000000c0000000,0x00000000c4ad6278,0x00000000c7f00000)
 Metaspace       used 39872K, capacity 40049K, committed 40448K, reserved 1083392K
  class space    used 5792K, capacity 5862K, committed 5888K, reserved 1048576K
}
Event: 24.296 GC heap before
{Heap before GC invocations=19 (full 3):
 PSYoungGen      total 92160K, used 80817K [0x00000000eab00000, 0x00000000f2700000, 0x0000000100000000)
  eden space 65024K, 100% used [0x00000000eab00000,0x00000000eea80000,0x00000000eea80000)
  from space 27136K, 58% used [0x00000000eea80000,0x00000000ef9ec7f0,0x00000000f0500000)
  to   space 27648K, 0% used [0x00000000f0c00000,0x00000000f0c00000,0x00000000f2700000)
 ParOldGen       total 130048K, used 76632K [0x00000000c0000000, 0x00000000c7f00000, 0x00000000eab00000)
  object space 130048K, 58% used [0x00000000c0000000,0x00000000c4ad6278,0x00000000c7f00000)
 Metaspace       used 41186K, capacity 41367K, committed 41728K, reserved 1085440K
  class space    used 6007K, capacity 6088K, committed 6144K, reserved 1048576K
Event: 24.337 GC heap after
Heap after GC invocations=19 (full 3):
 PSYoungGen      total 96256K, used 24179K [0x00000000eab00000, 0x00000000f2c00000, 0x0000000100000000)
  eden space 68608K, 0% used [0x00000000eab00000,0x00000000eab00000,0x00000000eee00000)
  from space 27648K, 87% used [0x00000000f0c00000,0x00000000f239cd40,0x00000000f2700000)
  to   space 30720K, 0% used [0x00000000eee00000,0x00000000eee00000,0x00000000f0c00000)
 ParOldGen       total 130048K, used 76640K [0x00000000c0000000, 0x00000000c7f00000, 0x00000000eab00000)
  object space 130048K, 58% used [0x00000000c0000000,0x00000000c4ad8278,0x00000000c7f00000)
 Metaspace       used 41186K, capacity 41367K, committed 41728K, reserved 1085440K
  class space    used 6007K, capacity 6088K, committed 6144K, reserved 1048576K
}
Event: 29.849 GC heap before
{Heap before GC invocations=20 (full 3):
 PSYoungGen      total 96256K, used 92787K [0x00000000eab00000, 0x00000000f2c00000, 0x0000000100000000)
  eden space 68608K, 100% used [0x00000000eab00000,0x00000000eee00000,0x00000000eee00000)
  from space 27648K, 87% used [0x00000000f0c00000,0x00000000f239cd40,0x00000000f2700000)
  to   space 30720K, 0% used [0x00000000eee00000,0x00000000eee00000,0x00000000f0c00000)
 ParOldGen       total 130048K, used 76640K [0x00000000c0000000, 0x00000000c7f00000, 0x00000000eab00000)
  object space 130048K, 58% used [0x00000000c0000000,0x00000000c4ad8278,0x00000000c7f00000)
 Metaspace       used 43664K, capacity 43847K, committed 44160K, reserved 1087488K
  class space    used 6352K, capacity 6444K, committed 6528K, reserved 1048576K
Event: 29.887 GC heap after
Heap after GC invocations=20 (full 3):
 PSYoungGen      total 99328K, used 30671K [0x00000000eab00000, 0x00000000f3780000, 0x0000000100000000)
  eden space 68608K, 0% used [0x00000000eab00000,0x00000000eab00000,0x00000000eee00000)
  from space 30720K, 99% used [0x00000000eee00000,0x00000000f0bf3c78,0x00000000f0c00000)
  to   space 35840K, 0% used [0x00000000f1480000,0x00000000f1480000,0x00000000f3780000)
 ParOldGen       total 130048K, used 76648K [0x00000000c0000000, 0x00000000c7f00000, 0x00000000eab00000)
  object space 130048K, 58% used [0x00000000c0000000,0x00000000c4ada278,0x00000000c7f00000)
 Metaspace       used 43664K, capacity 43847K, committed 44160K, reserved 1087488K
  class space    used 6352K, capacity 6444K, committed 6528K, reserved 1048576K
}
Event: 33.338 GC heap before
{Heap before GC invocations=21 (full 3):
 PSYoungGen      total 99328K, used 80471K [0x00000000eab00000, 0x00000000f3780000, 0x0000000100000000)
  eden space 68608K, 72% used [0x00000000eab00000,0x00000000edba21b0,0x00000000eee00000)
  from space 30720K, 99% used [0x00000000eee00000,0x00000000f0bf3c78,0x00000000f0c00000)
  to   space 35840K, 0% used [0x00000000f1480000,0x00000000f1480000,0x00000000f3780000)
 ParOldGen       total 130048K, used 76648K [0x00000000c0000000, 0x00000000c7f00000, 0x00000000eab00000)
  object space 130048K, 58% used [0x00000000c0000000,0x00000000c4ada278,0x00000000c7f00000)
 Metaspace       used 44817K, capacity 44999K, committed 45184K, reserved 1087488K
  class space    used 6436K, capacity 6508K, committed 6528K, reserved 1048576K
Event: 33.406 GC heap after
Heap after GC invocations=21 (full 3):
 PSYoungGen      total 102400K, used 34998K [0x00000000eab00000, 0x00000000f4280000, 0x0000000100000000)
  eden space 66560K, 0% used [0x00000000eab00000,0x00000000eab00000,0x00000000eec00000)
  from space 35840K, 97% used [0x00000000f1480000,0x00000000f36ad9b8,0x00000000f3780000)
  to   space 41472K, 0% used [0x00000000eec00000,0x00000000eec00000,0x00000000f1480000)
 ParOldGen       total 130048K, used 76648K [0x00000000c0000000, 0x00000000c7f00000, 0x00000000eab00000)
  object space 130048K, 58% used [0x00000000c0000000,0x00000000c4ada278,0x00000000c7f00000)
 Metaspace       used 44817K, capacity 44999K, committed 45184K, reserved 1087488K
  class space    used 6436K, capacity 6508K, committed 6528K, reserved 1048576K
}
Event: 33.412 GC heap before
{Heap before GC invocations=22 (full 4):
 PSYoungGen      total 102400K, used 34998K [0x00000000eab00000, 0x00000000f4280000, 0x0000000100000000)
  eden space 66560K, 0% used [0x00000000eab00000,0x00000000eab00000,0x00000000eec00000)
  from space 35840K, 97% used [0x00000000f1480000,0x00000000f36ad9b8,0x00000000f3780000)
  to   space 41472K, 0% used [0x00000000eec00000,0x00000000eec00000,0x00000000f1480000)
 ParOldGen       total 130048K, used 76648K [0x00000000c0000000, 0x00000000c7f00000, 0x00000000eab00000)
  object space 130048K, 58% used [0x00000000c0000000,0x00000000c4ada278,0x00000000c7f00000)
 Metaspace       used 44817K, capacity 44999K, committed 45184K, reserved 1087488K
  class space    used 6436K, capacity 6508K, committed 6528K, reserved 1048576K

