# JRE version: Java(TM) SE Runtime Environment (8.0_131-b11) (build 1.8.0_131-b11)
# Java VM: Java HotSpot(TM) 64-Bit Server VM (25.131-b11 mixed mode linux-amd64 compressed oops)
Heap:
 PSYoungGen      total 48640K, used 0K [0x00000000eab00000, 0x00000000ef080000, 0x0000000100000000)
  eden space 30720K, 0% used [0x00000000eab00000,0x00000000eab00000,0x00000000ec900000)
  from space 17920K, 0% used [0x00000000ec900000,0x00000000ec900000,0x00000000eda80000)
  to   space 17408K, 0% used [0x00000000edf80000,0x00000000edf80000,0x00000000ef080000)
 ParOldGen       total 80896K, used 79290K [0x00000000c0000000, 0x00000000c4f00000, 0x00000000eab00000)
  object space 80896K, 98% used [0x00000000c0000000,0x00000000c4d6e9d8,0x00000000c4f00000)
 Metaspace       used 29496K, capacity 29696K, committed 30080K, reserved 1075200K
  class space    used 4255K, capacity 4354K, committed 4480K, reserved 1048576K
GC Heap History (10 events):
Event: 15.160 GC heap after
Heap after GC invocations=20 (full 2):
 PSYoungGen      total 39424K, used 11184K [0x00000000eab00000, 0x00000000ee300000, 0x0000000100000000)
  eden space 25600K, 0% used [0x00000000eab00000,0x00000000eab00000,0x00000000ec400000)
  from space 13824K, 80% used [0x00000000ed300000,0x00000000eddec010,0x00000000ee080000)
  to   space 15360K, 0% used [0x00000000ec400000,0x00000000ec400000,0x00000000ed300000)
 ParOldGen       total 48128K, used 40234K [0x00000000c0000000, 0x00000000c2f00000, 0x00000000eab00000)
  object space 48128K, 83% used [0x00000000c0000000,0x00000000c274aa48,0x00000000c2f00000)
 Metaspace       used 25562K, capacity 25756K, committed 25984K, reserved 1071104K
  class space    used 3826K, capacity 3874K, committed 3968K, reserved 1048576K
}
Event: 15.160 GC heap before
{Heap before GC invocations=21 (full 3):
 PSYoungGen      total 39424K, used 11184K [0x00000000eab00000, 0x00000000ee300000, 0x0000000100000000)
  eden space 25600K, 0% used [0x00000000eab00000,0x00000000eab00000,0x00000000ec400000)
  from space 13824K, 80% used [0x00000000ed300000,0x00000000eddec010,0x00000000ee080000)
  to   space 15360K, 0% used [0x00000000ec400000,0x00000000ec400000,0x00000000ed300000)
 ParOldGen       total 48128K, used 40234K [0x00000000c0000000, 0x00000000c2f00000, 0x00000000eab00000)
  object space 48128K, 83% used [0x00000000c0000000,0x00000000c274aa48,0x00000000c2f00000)
 Metaspace       used 25562K, capacity 25756K, committed 25984K, reserved 1071104K
  class space    used 3826K, capacity 3874K, committed 3968K, reserved 1048576K
Event: 15.319 GC heap after
Heap after GC invocations=21 (full 3):
 PSYoungGen      total 39424K, used 3441K [0x00000000eab00000, 0x00000000ee300000, 0x0000000100000000)
  eden space 25600K, 0% used [0x00000000eab00000,0x00000000eab00000,0x00000000ec400000)
  from space 13824K, 24% used [0x00000000ed300000,0x00000000ed65c7f8,0x00000000ee080000)
  to   space 15360K, 0% used [0x00000000ec400000,0x00000000ec400000,0x00000000ed300000)
 ParOldGen       total 80896K, used 47697K [0x00000000c0000000, 0x00000000c4f00000, 0x00000000eab00000)
  object space 80896K, 58% used [0x00000000c0000000,0x00000000c2e94730,0x00000000c4f00000)
 Metaspace       used 25562K, capacity 25756K, committed 25984K, reserved 1071104K
  class space    used 3826K, capacity 3874K, committed 3968K, reserved 1048576K
}
Event: 16.261 GC heap before
{Heap before GC invocations=22 (full 3):
 PSYoungGen      total 39424K, used 29041K [0x00000000eab00000, 0x00000000ee300000, 0x0000000100000000)
  eden space 25600K, 100% used [0x00000000eab00000,0x00000000ec400000,0x00000000ec400000)
  from space 13824K, 24% used [0x00000000ed300000,0x00000000ed65c7f8,0x00000000ee080000)
  to   space 15360K, 0% used [0x00000000ec400000,0x00000000ec400000,0x00000000ed300000)
 ParOldGen       total 80896K, used 47697K [0x00000000c0000000, 0x00000000c4f00000, 0x00000000eab00000)
  object space 80896K, 58% used [0x00000000c0000000,0x00000000c2e94730,0x00000000c4f00000)
 Metaspace       used 25566K, capacity 25756K, committed 25984K, reserved 1071104K
  class space    used 3826K, capacity 3874K, committed 3968K, reserved 1048576K
Event: 16.287 GC heap after
Heap after GC invocations=22 (full 3):
 PSYoungGen      total 40960K, used 14336K [0x00000000eab00000, 0x00000000eeb80000, 0x0000000100000000)
  eden space 25600K, 0% used [0x00000000eab00000,0x00000000eab00000,0x00000000ec400000)
  from space 15360K, 93% used [0x00000000ec400000,0x00000000ed200000,0x00000000ed300000)
  to   space 17408K, 0% used [0x00000000eda80000,0x00000000eda80000,0x00000000eeb80000)
 ParOldGen       total 80896K, used 51181K [0x00000000c0000000, 0x00000000c4f00000, 0x00000000eab00000)
  object space 80896K, 63% used [0x00000000c0000000,0x00000000c31fb750,0x00000000c4f00000)
 Metaspace       used 25566K, capacity 25756K, committed 25984K, reserved 1071104K
  class space    used 3826K, capacity 3874K, committed 3968K, reserved 1048576K
}
Event: 18.127 GC heap before
{Heap before GC invocations=23 (full 3):
 PSYoungGen      total 40960K, used 39936K [0x00000000eab00000, 0x00000000eeb80000, 0x0000000100000000)
  eden space 25600K, 100% used [0x00000000eab00000,0x00000000ec400000,0x00000000ec400000)
  from space 15360K, 93% used [0x00000000ec400000,0x00000000ed200000,0x00000000ed300000)
  to   space 17408K, 0% used [0x00000000eda80000,0x00000000eda80000,0x00000000eeb80000)
 ParOldGen       total 80896K, used 51181K [0x00000000c0000000, 0x00000000c4f00000, 0x00000000eab00000)
  object space 80896K, 63% used [0x00000000c0000000,0x00000000c31fb750,0x00000000c4f00000)
 Metaspace       used 26466K, capacity 26652K, committed 26880K, reserved 1073152K
  class space    used 3929K, capacity 4002K, committed 4096K, reserved 1048576K
Event: 18.158 GC heap after
Heap after GC invocations=23 (full 3):
 PSYoungGen      total 48128K, used 11202K [0x00000000eab00000, 0x00000000eec00000, 0x0000000100000000)
  eden space 30720K, 0% used [0x00000000eab00000,0x00000000eab00000,0x00000000ec900000)
  from space 17408K, 64% used [0x00000000eda80000,0x00000000ee570b08,0x00000000eeb80000)
  to   space 17920K, 0% used [0x00000000ec900000,0x00000000ec900000,0x00000000eda80000)
 ParOldGen       total 80896K, used 65489K [0x00000000c0000000, 0x00000000c4f00000, 0x00000000eab00000)
  object space 80896K, 80% used [0x00000000c0000000,0x00000000c3ff47f0,0x00000000c4f00000)
 Metaspace       used 26466K, capacity 26652K, committed 26880K, reserved 1073152K
  class space    used 3929K, capacity 4002K, committed 4096K, reserved 1048576K
}
Event: 20.139 GC heap before
{Heap before GC invocations=24 (full 3):
 PSYoungGen      total 48128K, used 41922K [0x00000000eab00000, 0x00000000eec00000, 0x0000000100000000)
  eden space 30720K, 100% used [0x00000000eab00000,0x00000000ec900000,0x00000000ec900000)
  from space 17408K, 64% used [0x00000000eda80000,0x00000000ee570b08,0x00000000eeb80000)
  to   space 17920K, 0% used [0x00000000ec900000,0x00000000ec900000,0x00000000eda80000)
 ParOldGen       total 80896K, used 65489K [0x00000000c0000000, 0x00000000c4f00000, 0x00000000eab00000)
  object space 80896K, 80% used [0x00000000c0000000,0x00000000c3ff47f0,0x00000000c4f00000)
 Metaspace       used 29496K, capacity 29696K, committed 30080K, reserved 1075200K
  class space    used 4255K, capacity 4354K, committed 4480K, reserved 1048576K
Event: 20.157 GC heap after
Heap after GC invocations=24 (full 3):
 PSYoungGen      total 48640K, used 3650K [0x00000000eab00000, 0x00000000ef080000, 0x0000000100000000)
  eden space 30720K, 0% used [0x00000000eab00000,0x00000000eab00000,0x00000000ec900000)
  from space 17920K, 20% used [0x00000000ec900000,0x00000000ecc90b78,0x00000000eda80000)
  to   space 17408K, 0% used [0x00000000edf80000,0x00000000edf80000,0x00000000ef080000)
 ParOldGen       total 80896K, used 76130K [0x00000000c0000000, 0x00000000c4f00000, 0x00000000eab00000)
  object space 80896K, 94% used [0x00000000c0000000,0x00000000c4a58860,0x00000000c4f00000)
 Metaspace       used 29496K, capacity 29696K, committed 30080K, reserved 1075200K
  class space    used 4255K, capacity 4354K, committed 4480K, reserved 1048576K
}
Event: 20.165 GC heap before
{Heap before GC invocations=25 (full 4):
 PSYoungGen      total 48640K, used 3650K [0x00000000eab00000, 0x00000000ef080000, 0x0000000100000000)
  eden space 30720K, 0% used [0x00000000eab00000,0x00000000eab00000,0x00000000ec900000)
  from space 17920K, 20% used [0x00000000ec900000,0x00000000ecc90b78,0x00000000eda80000)
  to   space 17408K, 0% used [0x00000000edf80000,0x00000000edf80000,0x00000000ef080000)
 ParOldGen       total 80896K, used 76130K [0x00000000c0000000, 0x00000000c4f00000, 0x00000000eab00000)
  object space 80896K, 94% used [0x00000000c0000000,0x00000000c4a58860,0x00000000c4f00000)
 Metaspace       used 29496K, capacity 29696K, committed 30080K, reserved 1075200K
  class space    used 4255K, capacity 4354K, committed 4480K, reserved 1048576K

